<?xml version="1.0" encoding="UTF-8" ?>
<testsuite errors="0" failures="0" hostname="DESKTOP-B2J4NUH" name="PointBordersTest" skipped="0" tests="4" time="0.12" timestamp="2023-05-17T02:01:13">
  <properties>
    <property name="java.vendor" value="Amazon.com Inc." />
    <property name="lib.dir" value="lib" />
    <property name="sun.java.launcher" value="SUN_STANDARD" />
    <property name="sun.management.compiler" value="HotSpot 64-Bit Tiered Compilers" />
    <property name="musicPlayer" value="&quot;lib/cmdmp3.exe&quot;" />
    <property name="os.name" value="Windows 10" />
    <property name="compiled.classes" value="target/classes" />
    <property name="compiled.tests" value="target/tests" />
    <property name="sun.desktop" value="windows" />
    <property name="java.vm.specification.vendor" value="Oracle Corporation" />
    <property name="ant.home" value="C:\Program Files\ApacheAnt\bin\.." />
    <property name="java.runtime.version" value="11.0.14.1+10-LTS" />
    <property name="user.name" value="Konstantin" />
    <property name="main" value="src/com/company" />
    <property name="user.language" value="ru" />
    <property name="sun.boot.library.path" value="C:\Users\Konstantin\.jdks\corretto-11.0.14.1\bin" />
    <property name="dest.jar" value="target/MispiLab3.jar" />
    <property name="ant.project.default-target" value="music" />
    <property name="ant.project.name" value="MispiLab3" />
    <property name="java.vm.compressedOopsMode" value="32-bit" />
    <property name="java.version" value="11.0.14.1" />
    <property name="user.timezone" value="" />
    <property name="ant.file.MispiLab3" value="C:\Users\Konstantin\Downloads\MispiLab3-master\build.xml" />
    <property name="sun.arch.data.model" value="64" />
    <property name="sun.cpu.isalist" value="amd64" />
    <property name="sun.jnu.encoding" value="Cp1251" />
    <property name="music" value="sound.mp3" />
    <property name="file.separator" value="\" />
    <property name="java.specification.name" value="Java Platform API Specification" />
    <property name="java.class.version" value="55.0" />
    <property name="user.country" value="RU" />
    <property name="java.home" value="C:\Users\Konstantin\.jdks\corretto-11.0.14.1" />
    <property name="java.vm.info" value="mixed mode" />
    <property name="ant.file" value="C:\Users\Konstantin\Downloads\MispiLab3-master\build.xml" />
    <property name="os.version" value="10.0" />
    <property name="path.separator" value=";" />
    <property name="java.vm.version" value="11.0.14.1+10-LTS" />
    <property name="user.variant" value="" />
    <property name="ant.library.dir" value="C:\Program Files\ApacheAnt\lib" />
    <property name="ant.file.type.MispiLab3" value="file" />
    <property name="java.awt.printerjob" value="sun.awt.windows.WPrinterJob" />
    <property name="sun.io.unicode.encoding" value="UnicodeLittle" />
    <property name="awt.toolkit" value="sun.awt.windows.WToolkit" />
    <property name="sun.stdout.encoding" value="cp866" />
    <property name="user.script" value="" />
    <property name="user.home" value="C:\Users\Konstantin" />
    <property name="java.version.date" value="2022-02-08" />
    <property name="java.specification.vendor" value="Oracle Corporation" />
    <property name="test" value="test" />
    <property name="java.library.path" value="C:\Users\Konstantin\.jdks\corretto-11.0.14.1\bin;C:\WINDOWS\Sun\Java\bin;C:\WINDOWS\system32;C:\WINDOWS;C:\WINDOWS\system32;C:\WINDOWS;C:\WINDOWS\System32\Wbem;C:\WINDOWS\System32\WindowsPowerShell\v1.0\;C:\WINDOWS\System32\OpenSSH\;C:\Program Files\NVIDIA Corporation\NVIDIA NvDLISR;C:\Program Files\Git\cmd;C:\Program Files\nodejs\;C:\Program Files (x86)\NVIDIA Corporation\PhysX\Common;C;C:\Program Files\TortoiseSVN\bin;C:\Program Files\ApacheAnt\bin;C:\Users\Konstantin\.jdks\corretto-11.0.14.1\bin;C:\Users\Konstantin\AppData\Local\Microsoft\WindowsApps;C:\Users\Konstantin\AppData\Roaming\npm;;." />
    <property name="java.vendor.url" value="https://aws.amazon.com/corretto/" />
    <property name="java.vm.vendor" value="Amazon.com Inc." />
    <property name="java.runtime.name" value="OpenJDK Runtime Environment" />
    <property name="sun.java.command" value="org.apache.tools.ant.taskdefs.optional.junit.JUnitTestRunner PointBordersTest skipNonTests=false filtertrace=true haltOnError=false haltOnFailure=false formatter=org.apache.tools.ant.taskdefs.optional.junit.SummaryJUnitResultFormatter showoutput=false outputtoformatters=true logfailedtests=true threadid=0 logtestlistenerevents=false formatter=org.apache.tools.ant.taskdefs.optional.junit.XMLJUnitResultFormatter,C:\Users\Konstantin\Downloads\MispiLab3-master\TEST-PointBordersTest.xml crashfile=C:\Users\Konstantin\Downloads\MispiLab3-master\junitvmwatcher13293536864239698786.properties propsfile=C:\Users\Konstantin\Downloads\MispiLab3-master\junit3280810714036743882.properties" />
    <property name="java.class.path" value="C:\Users\Konstantin\Downloads\MispiLab3-master\lib\ant-contrib-1.0b3.jar;C:\Users\Konstantin\Downloads\MispiLab3-master\lib\hamcrest-core-1.3.jar;C:\Users\Konstantin\Downloads\MispiLab3-master\lib\junit-4.12.jar;C:\Users\Konstantin\Downloads\MispiLab3-master\target\classes;C:\Users\Konstantin\Downloads\MispiLab3-master\target\tests;C:\Program Files\ApacheAnt\lib\ant-launcher.jar;C:\Program Files\ApacheAnt\lib\ant.jar;C:\Program Files\ApacheAnt\lib\ant-junit.jar;C:\Program Files\ApacheAnt\lib\ant-junit4.jar" />
    <property name="ant.version" value="Apache Ant(TM) version 1.10.1 compiled on February 2 2017" />
    <property name="jdk.debug" value="release" />
    <property name="java.vm.specification.name" value="Java Virtual Machine Specification" />
    <property name="ant.file.type" value="file" />
    <property name="java.vm.specification.version" value="11" />
    <property name="sun.cpu.endian" value="little" />
    <property name="sun.os.patch.level" value="" />
    <property name="java.io.tmpdir" value="C:\Users\KONSTA~1\AppData\Local\Temp\" />
    <property name="compiled" value="target" />
    <property name="java.vendor.url.bug" value="https://github.com/corretto/corretto-11/issues/" />
    <property name="os.arch" value="amd64" />
    <property name="java.awt.graphicsenv" value="sun.awt.Win32GraphicsEnvironment" />
    <property name="user.dir" value="C:\Users\Konstantin\Downloads\MispiLab3-master" />
    <property name="params" value="" />
    <property name="line.separator" value="&#xd;&#xa;" />
    <property name="java.vm.name" value="OpenJDK 64-Bit Server VM" />
    <property name="basedir" value="C:\Users\Konstantin\Downloads\MispiLab3-master" />
    <property name="ant.java.version" value="9" />
    <property name="ant.core.lib" value="C:\Program Files\ApacheAnt\lib\ant.jar" />
    <property name="sun.stderr.encoding" value="cp866" />
    <property name="file.encoding" value="Cp1251" />
    <property name="java.specification.version" value="11" />
    <property name="java.vendor.version" value="Corretto-11.0.14.10.1" />
    <property name="ant.project.invoked-targets" value="test" />
  </properties>
  <testcase classname="PointBordersTest" name="testBorderPoints[0]" time="0.022" />
  <testcase classname="PointBordersTest" name="testBorderPoints[1]" time="0.0" />
  <testcase classname="PointBordersTest" name="testBorderPoints[2]" time="0.0" />
  <testcase classname="PointBordersTest" name="testBorderPoints[3]" time="0.0" />
  <system-out><![CDATA[]]></system-out>
  <system-err><![CDATA[]]></system-err>
</testsuite>
